<?xml version="1.0" encoding="UTF-8"?>
<robot generator="Robot 7.0 (Python 3.12.2 on win32)" generated="2024-05-16T14:02:13.268427" rpa="false" schemaversion="5">
<suite id="s1" name="Put Edit User Serverest Tests" source="c:\Users\sccus\OneDrive\Projetos QA\TestedeAPILostSeverest\tests\put_edit_user_serverest_tests.robot">
<test id="s1-t1" name="Cenário com PUT: Editar dados do usuário" line="7">
<kw name="Criar novo usuário" owner="serverest_testes_users_recursos">
<kw name="Generate Random String" owner="String">
<msg time="2024-05-16T14:02:13.389316" level="INFO">${palavra_randomica} = WisYafCW</msg>
<var>${palavra_randomica}</var>
<arg>length=8</arg>
<arg>chars=[LETTERS]</arg>
<doc>Generates a string with a desired ``length`` from the given ``chars``.</doc>
<status status="PASS" start="2024-05-16T14:02:13.389316" elapsed="0.001004"/>
</kw>
<kw name="Convert To Lower Case" owner="String">
<msg time="2024-05-16T14:02:13.391518" level="INFO">${palavra_randomica} = wisyafcw</msg>
<var>${palavra_randomica}</var>
<arg>${palavra_randomica}</arg>
<doc>Converts string to lower case.</doc>
<status status="PASS" start="2024-05-16T14:02:13.390320" elapsed="0.001198"/>
</kw>
<kw name="Set Test Variable" owner="BuiltIn">
<msg time="2024-05-16T14:02:13.392022" level="INFO">${EMAIL_TEST} = wisyafcw@qacoders.com.br</msg>
<arg>${EMAIL_TEST}</arg>
<arg>${palavra_randomica}@qacoders.com.br</arg>
<doc>Makes a variable available everywhere within the scope of the current test.</doc>
<status status="PASS" start="2024-05-16T14:02:13.391518" elapsed="0.000504"/>
</kw>
<kw name="Log" owner="BuiltIn">
<msg time="2024-05-16T14:02:13.392022" level="INFO">wisyafcw@qacoders.com.br</msg>
<arg>${EMAIL_TEST}</arg>
<doc>Logs the given message with the given level.</doc>
<status status="PASS" start="2024-05-16T14:02:13.392022" elapsed="0.000000"/>
</kw>
<status status="PASS" start="2024-05-16T14:02:13.388811" elapsed="0.003211"/>
</kw>
<kw name="Cadastrar novo usuário criado" owner="serverest_testes_users_recursos">
<kw name="Create Dictionary" owner="BuiltIn">
<msg time="2024-05-16T14:02:13.393027" level="INFO">${body} = {'nome': 'Arale Friches', 'email': 'wisyafcw@qacoders.com.br', 'password': 'Erz3x0zA', 'administrador': 'true'}</msg>
<var>${body}</var>
<arg>nome=Arale Friches</arg>
<arg>email=${EMAIL_TEST}</arg>
<arg>password=Erz3x0zA</arg>
<arg>administrador=true</arg>
<doc>Creates and returns a dictionary based on the given ``items``.</doc>
<status status="PASS" start="2024-05-16T14:02:13.393027" elapsed="0.000000"/>
</kw>
<kw name="Log" owner="BuiltIn">
<msg time="2024-05-16T14:02:13.393027" level="INFO">{'nome': 'Arale Friches', 'email': 'wisyafcw@qacoders.com.br', 'password': 'Erz3x0zA', 'administrador': 'true'}</msg>
<arg>${body}</arg>
<doc>Logs the given message with the given level.</doc>
<status status="PASS" start="2024-05-16T14:02:13.393027" elapsed="0.001164"/>
</kw>
<kw name="Criar sessão" owner="serverest_testes_users_recursos">
<kw name="Create Dictionary" owner="BuiltIn">
<msg time="2024-05-16T14:02:13.394694" level="INFO">${headers} = {'accept': 'application/json', 'Content-Type': 'application/json'}</msg>
<var>${headers}</var>
<arg>accept=application/json</arg>
<arg>Content-Type=application/json</arg>
<doc>Creates and returns a dictionary based on the given ``items``.</doc>
<status status="PASS" start="2024-05-16T14:02:13.394191" elapsed="0.000503"/>
</kw>
<kw name="Create Session" owner="RequestsLibrary">
<msg time="2024-05-16T14:02:13.394694" level="INFO">Creating Session using : alias=APIServerRest, url=https://serverest.dev, headers={'accept': 'application/json', 'Content-Type': 'application/json'},                     cookies={}, auth=None, timeout=None, proxies=None, verify=False,                     debug=0 </msg>
<arg>alias=APIServerRest</arg>
<arg>url=https://serverest.dev</arg>
<arg>headers=${headers}</arg>
<doc>Create Session: create a HTTP session to a server</doc>
<status status="PASS" start="2024-05-16T14:02:13.394694" elapsed="0.000000"/>
</kw>
<status status="PASS" start="2024-05-16T14:02:13.394191" elapsed="0.000503"/>
</kw>
<kw name="POST On Session" owner="RequestsLibrary">
<msg time="2024-05-16T14:02:14.164173" level="INFO">POST Request : url=https://serverest.dev/usuarios 
 path_url=/usuarios 
 headers={'User-Agent': 'python-requests/2.31.0', 'Accept-Encoding': 'gzip, deflate', 'accept': 'application/json', 'Connection': 'keep-alive', 'Content-Type': 'application/json', 'Content-Length': '111'} 
 body=b'{"nome": "Arale Friches", "email": "wisyafcw@qacoders.com.br", "password": "Erz3x0zA", "administrador": "true"}' 
 </msg>
<msg time="2024-05-16T14:02:14.165645" level="INFO">POST Response : url=https://serverest.dev/usuarios 
 status=201, reason=Created 
 headers={'access-control-allow-origin': '*', 'x-dns-prefetch-control': 'off', 'x-frame-options': 'SAMEORIGIN', 'strict-transport-security': 'max-age=15552000; includeSubDomains', 'x-download-options': 'noopen', 'x-content-type-options': 'nosniff', 'x-xss-protection': '1; mode=block', 'content-type': 'application/json; charset=utf-8', 'X-Cloud-Trace-Context': '5d8d50f12ddb4d175f01a0e306d53058;o=1', 'Date': 'Thu, 16 May 2024 17:02:13 GMT', 'Server': 'Google Frontend', 'Content-Length': '82'} 
 body={
    "message": "Cadastro realizado com sucesso",
    "_id": "H8Zf4EuzJrarGfTz"
} 
 </msg>
<msg time="2024-05-16T14:02:14.165645" level="INFO">C:\Users\sccus\AppData\Local\Programs\Python\Python312\Lib\site-packages\urllib3\connectionpool.py:1103: InsecureRequestWarning: Unverified HTTPS request is being made to host 'serverest.dev'. Adding certificate verification is strongly advised. See: https://urllib3.readthedocs.io/en/latest/advanced-usage.html#tls-warnings
  warnings.warn(</msg>
<msg time="2024-05-16T14:02:14.165645" level="INFO">${resposta} = &lt;Response [201]&gt;</msg>
<var>${resposta}</var>
<arg>alias=APIServerRest</arg>
<arg>url=/usuarios</arg>
<arg>json=${body}</arg>
<doc>Sends a POST request on a previously created HTTP Session.</doc>
<status status="PASS" start="2024-05-16T14:02:13.394694" elapsed="0.770951"/>
</kw>
<kw name="Log" owner="BuiltIn">
<msg time="2024-05-16T14:02:14.166877" level="INFO">{'message': 'Cadastro realizado com sucesso', '_id': 'H8Zf4EuzJrarGfTz'}</msg>
<arg>${resposta.json()}</arg>
<doc>Logs the given message with the given level.</doc>
<status status="PASS" start="2024-05-16T14:02:14.165645" elapsed="0.001232"/>
</kw>
<kw name="Set Test Variable" owner="BuiltIn">
<msg time="2024-05-16T14:02:14.166877" level="INFO">${ID_USUARIO} = H8Zf4EuzJrarGfTz</msg>
<arg>${ID_USUARIO}</arg>
<arg>${resposta.json()["_id"]}</arg>
<doc>Makes a variable available everywhere within the scope of the current test.</doc>
<status status="PASS" start="2024-05-16T14:02:14.166877" elapsed="0.000000"/>
</kw>
<kw name="Set Test Variable" owner="BuiltIn">
<msg time="2024-05-16T14:02:14.168105" level="INFO">${RESPOSTA} = {'message': 'Cadastro realizado com sucesso', '_id': 'H8Zf4EuzJrarGfTz'}</msg>
<arg>${RESPOSTA}</arg>
<arg>${resposta.json()}</arg>
<doc>Makes a variable available everywhere within the scope of the current test.</doc>
<status status="PASS" start="2024-05-16T14:02:14.166877" elapsed="0.001228"/>
</kw>
<status status="PASS" start="2024-05-16T14:02:13.393027" elapsed="0.775078"/>
</kw>
<kw name="Consultar dados do usuário editado" owner="serverest_testes_users_recursos">
<kw name="GET On Session" owner="RequestsLibrary">
<msg time="2024-05-16T14:02:14.489441" level="INFO">GET Request : url=https://serverest.dev/usuarios/H8Zf4EuzJrarGfTz 
 path_url=/usuarios/H8Zf4EuzJrarGfTz 
 headers={'User-Agent': 'python-requests/2.31.0', 'Accept-Encoding': 'gzip, deflate', 'accept': 'application/json', 'Connection': 'keep-alive', 'Content-Type': 'application/json'} 
 body=None 
 </msg>
<msg time="2024-05-16T14:02:14.490447" level="INFO">GET Response : url=https://serverest.dev/usuarios/H8Zf4EuzJrarGfTz 
 status=200, reason=OK 
 headers={'access-control-allow-origin': '*', 'x-dns-prefetch-control': 'off', 'x-frame-options': 'SAMEORIGIN', 'strict-transport-security': 'max-age=15552000; includeSubDomains', 'x-download-options': 'noopen', 'x-content-type-options': 'nosniff', 'x-xss-protection': '1; mode=block', 'content-type': 'application/json; charset=utf-8', 'X-Cloud-Trace-Context': 'f904929bfd8f75d72cd4b22a16d13c85', 'Date': 'Thu, 16 May 2024 17:02:13 GMT', 'Server': 'Google Frontend', 'Content-Length': '160'} 
 body={
    "nome": "Arale Friches",
    "email": "wisyafcw@qacoders.com.br",
    "password": "Erz3x0zA",
    "administrador": "true",
    "_id": "H8Zf4EuzJrarGfTz"
} 
 </msg>
<msg time="2024-05-16T14:02:14.490447" level="INFO">C:\Users\sccus\AppData\Local\Programs\Python\Python312\Lib\site-packages\urllib3\connectionpool.py:1103: InsecureRequestWarning: Unverified HTTPS request is being made to host 'serverest.dev'. Adding certificate verification is strongly advised. See: https://urllib3.readthedocs.io/en/latest/advanced-usage.html#tls-warnings
  warnings.warn(</msg>
<msg time="2024-05-16T14:02:14.491484" level="INFO">${resposta_consulta} = &lt;Response [200]&gt;</msg>
<var>${resposta_consulta}</var>
<arg>alias=APIServerRest</arg>
<arg>url=/usuarios/${ID_USUARIO}</arg>
<arg>expected_status=200</arg>
<doc>Sends a GET request on a previously created HTTP Session.</doc>
<status status="PASS" start="2024-05-16T14:02:14.169111" elapsed="0.322373"/>
</kw>
<kw name="Set Test Variable" owner="BuiltIn">
<msg time="2024-05-16T14:02:14.492457" level="INFO">${RESPOSTA_CONSULTA} = {'nome': 'Arale Friches', 'email': 'wisyafcw@qacoders.com.br', 'password': 'Erz3x0zA', 'administrador': 'true', '_id': 'H8Zf4EuzJrarGfTz'}</msg>
<arg>${RESPOSTA_CONSULTA}</arg>
<arg>${resposta_consulta.json()}</arg>
<doc>Makes a variable available everywhere within the scope of the current test.</doc>
<status status="PASS" start="2024-05-16T14:02:14.491484" elapsed="0.000973"/>
</kw>
<status status="PASS" start="2024-05-16T14:02:14.168105" elapsed="0.324352"/>
</kw>
<kw name="Alterar nome do usuário" owner="serverest_testes_users_recursos">
<kw name="PUT On Session" owner="RequestsLibrary">
<msg time="2024-05-16T14:02:14.717969" level="INFO">PUT Request : url=https://serverest.dev/usuarios/H8Zf4EuzJrarGfTz 
 path_url=/usuarios/H8Zf4EuzJrarGfTz 
 headers={'User-Agent': 'python-requests/2.31.0', 'Accept-Encoding': 'gzip, deflate', 'accept': 'application/json', 'Connection': 'keep-alive', 'Content-Type': 'application/json', 'Content-Length': '118'} 
 body={"nome":"Arale de Franka Friches", "email":"wisyafcw@qacoders.com.br", "password": "Erz3x0zA", "administrador":"true"} 
 </msg>
<msg time="2024-05-16T14:02:14.717969" level="INFO">PUT Response : url=https://serverest.dev/usuarios/H8Zf4EuzJrarGfTz 
 status=200, reason=OK 
 headers={'access-control-allow-origin': '*', 'x-dns-prefetch-control': 'off', 'x-frame-options': 'SAMEORIGIN', 'strict-transport-security': 'max-age=15552000; includeSubDomains', 'x-download-options': 'noopen', 'x-content-type-options': 'nosniff', 'x-xss-protection': '1; mode=block', 'content-type': 'application/json; charset=utf-8', 'X-Cloud-Trace-Context': 'aceda391a38a7ca6b06c761db9f39590', 'Date': 'Thu, 16 May 2024 17:02:14 GMT', 'Server': 'Google Frontend', 'Content-Length': '50'} 
 body={
    "message": "Registro alterado com sucesso"
} 
 </msg>
<msg time="2024-05-16T14:02:14.717969" level="INFO">C:\Users\sccus\AppData\Local\Programs\Python\Python312\Lib\site-packages\urllib3\connectionpool.py:1103: InsecureRequestWarning: Unverified HTTPS request is being made to host 'serverest.dev'. Adding certificate verification is strongly advised. See: https://urllib3.readthedocs.io/en/latest/advanced-usage.html#tls-warnings
  warnings.warn(</msg>
<msg time="2024-05-16T14:02:14.718976" level="INFO">${alterar_nome_usuario} = &lt;Response [200]&gt;</msg>
<var>${alterar_nome_usuario}</var>
<arg>alias=APIServerRest</arg>
<arg>url=/usuarios/${ID_USUARIO}</arg>
<arg>expected_status=200</arg>
<arg>data={"nome":"Arale de Franka Friches", "email":"${EMAIL_TEST}", "password": "Erz3x0zA", "administrador":"true"}</arg>
<doc>Sends a PUT request on a previously created HTTP Session.</doc>
<status status="PASS" start="2024-05-16T14:02:14.493450" elapsed="0.225526"/>
</kw>
<status status="PASS" start="2024-05-16T14:02:14.492457" elapsed="0.226519"/>
</kw>
<kw name="Consultar dados do usuário" owner="serverest_testes_users_recursos">
<kw name="GET On Session" owner="RequestsLibrary">
<msg time="2024-05-16T14:02:15.107253" level="INFO">GET Request : url=https://serverest.dev/usuarios/H8Zf4EuzJrarGfTz 
 path_url=/usuarios/H8Zf4EuzJrarGfTz 
 headers={'User-Agent': 'python-requests/2.31.0', 'Accept-Encoding': 'gzip, deflate', 'accept': 'application/json', 'Connection': 'keep-alive', 'Content-Type': 'application/json'} 
 body=None 
 </msg>
<msg time="2024-05-16T14:02:15.107253" level="INFO">GET Response : url=https://serverest.dev/usuarios/H8Zf4EuzJrarGfTz 
 status=200, reason=OK 
 headers={'access-control-allow-origin': '*', 'x-dns-prefetch-control': 'off', 'x-frame-options': 'SAMEORIGIN', 'strict-transport-security': 'max-age=15552000; includeSubDomains', 'x-download-options': 'noopen', 'x-content-type-options': 'nosniff', 'x-xss-protection': '1; mode=block', 'content-type': 'application/json; charset=utf-8', 'X-Cloud-Trace-Context': 'fc35edba81bff64aa885e2db5e637ac2', 'Date': 'Thu, 16 May 2024 17:02:14 GMT', 'Server': 'Google Frontend', 'Content-Length': '170'} 
 body={
    "nome": "Arale de Franka Friches",
    "email": "wisyafcw@qacoders.com.br",
    "password": "Erz3x0zA",
    "administrador": "true",
    "_id": "H8Zf4EuzJrarGfTz"
} 
 </msg>
<msg time="2024-05-16T14:02:15.107253" level="INFO">C:\Users\sccus\AppData\Local\Programs\Python\Python312\Lib\site-packages\urllib3\connectionpool.py:1103: InsecureRequestWarning: Unverified HTTPS request is being made to host 'serverest.dev'. Adding certificate verification is strongly advised. See: https://urllib3.readthedocs.io/en/latest/advanced-usage.html#tls-warnings
  warnings.warn(</msg>
<msg time="2024-05-16T14:02:15.108270" level="INFO">${resposta_consulta} = &lt;Response [200]&gt;</msg>
<var>${resposta_consulta}</var>
<arg>alias=APIServerRest</arg>
<arg>url=/usuarios/${ID_USUARIO}</arg>
<arg>expected_status=200</arg>
<doc>Sends a GET request on a previously created HTTP Session.</doc>
<status status="PASS" start="2024-05-16T14:02:14.720161" elapsed="0.388109"/>
</kw>
<kw name="Set Test Variable" owner="BuiltIn">
<msg time="2024-05-16T14:02:15.108270" level="INFO">${RESPOSTA_CONSULTA} = {'nome': 'Arale de Franka Friches', 'email': 'wisyafcw@qacoders.com.br', 'password': 'Erz3x0zA', 'administrador': 'true', '_id': 'H8Zf4EuzJrarGfTz'}</msg>
<arg>${RESPOSTA_CONSULTA}</arg>
<arg>${resposta_consulta.json()}</arg>
<doc>Makes a variable available everywhere within the scope of the current test.</doc>
<status status="PASS" start="2024-05-16T14:02:15.108270" elapsed="0.000000"/>
</kw>
<status status="PASS" start="2024-05-16T14:02:14.720161" elapsed="0.389453"/>
</kw>
<status status="PASS" start="2024-05-16T14:02:13.387715" elapsed="1.721899"/>
</test>
<status status="PASS" start="2024-05-16T14:02:13.272435" elapsed="1.837179"/>
</suite>
<statistics>
<total>
<stat pass="1" fail="0" skip="0">All Tests</stat>
</total>
<tag>
</tag>
<suite>
<stat pass="1" fail="0" skip="0" id="s1" name="Put Edit User Serverest Tests">Put Edit User Serverest Tests</stat>
</suite>
</statistics>
<errors>
</errors>
</robot>
